c:\users\mathi\documents\coding\gangsthacker simulator\gangsthacker simulator\debug\vc140.pdb
c:\users\mathi\documents\coding\gangsthacker simulator\gangsthacker simulator\debug\vc140.idb
c:\users\mathi\documents\coding\gangsthacker simulator\gangsthacker simulator\debug\character.obj
c:\users\mathi\documents\coding\gangsthacker simulator\gangsthacker simulator\debug\game.obj
c:\users\mathi\documents\coding\gangsthacker simulator\gangsthacker simulator\debug\main.obj
c:\users\mathi\documents\coding\gangsthacker simulator\gangsthacker simulator\debug\mission.obj
c:\users\mathi\documents\coding\gangsthacker simulator\gangsthacker simulator\debug\company.obj
c:\users\mathi\documents\coding\gangsthacker simulator\gangsthacker simulator\debug\activity.obj
c:\users\mathi\documents\coding\gangsthacker simulator\gangsthacker simulator\debug\techtreeelement.obj
c:\users\mathi\documents\coding\gangsthacker simulator\gangsthacker simulator\debug\attribute.obj
c:\users\mathi\documents\coding\gangsthacker simulator\gangsthacker simulator\debug\jsoncpp.obj
c:\users\mathi\documents\coding\gangsthacker simulator\gangsthacker simulator\debug\techtree.obj
c:\users\mathi\documents\coding\gangsthacker simulator\gangsthacker simulator\debug\level.obj
c:\users\mathi\documents\coding\gangsthacker simulator\debug\gangsthacker simulator.ilk
c:\users\mathi\documents\coding\gangsthacker simulator\debug\gangsthacker simulator.exe
c:\users\mathi\documents\coding\gangsthacker simulator\debug\gangsthacker simulator.pdb
c:\users\mathi\documents\coding\gangsthacker simulator\gangsthacker simulator\debug\gangsthacker simulator.res
c:\users\mathi\documents\coding\gangsthacker simulator\gangsthacker simulator\debug\main.obj.enc
c:\users\mathi\documents\coding\gangsthacker simulator\gangsthacker simulator\debug\techtreeelement.obj.enc
c:\users\mathi\documents\coding\gangsthacker simulator\gangsthacker simulator\debug\gangstha.4ae1038e.tlog\cl.command.1.tlog
c:\users\mathi\documents\coding\gangsthacker simulator\gangsthacker simulator\debug\gangstha.4ae1038e.tlog\cl.read.1.tlog
c:\users\mathi\documents\coding\gangsthacker simulator\gangsthacker simulator\debug\gangstha.4ae1038e.tlog\cl.write.1.tlog
c:\users\mathi\documents\coding\gangsthacker simulator\gangsthacker simulator\debug\gangstha.4ae1038e.tlog\link.command.1.tlog
c:\users\mathi\documents\coding\gangsthacker simulator\gangsthacker simulator\debug\gangstha.4ae1038e.tlog\link.read.1.tlog
c:\users\mathi\documents\coding\gangsthacker simulator\gangsthacker simulator\debug\gangstha.4ae1038e.tlog\link.write.1.tlog
c:\users\mathi\documents\coding\gangsthacker simulator\gangsthacker simulator\debug\gangstha.4ae1038e.tlog\rc.command.1.tlog
c:\users\mathi\documents\coding\gangsthacker simulator\gangsthacker simulator\debug\gangstha.4ae1038e.tlog\rc.read.1.tlog
c:\users\mathi\documents\coding\gangsthacker simulator\gangsthacker simulator\debug\gangstha.4ae1038e.tlog\rc.write.1.tlog
